00000000	14:07:17.938	[4088] ------------------------------------------------------------------------------------------------------------------------ 	
00000001	14:07:22.282	[4088] Type: BuildStep 	
00000002	14:07:22.282	[4088]   Field: StartTime | Value: 2009-01-08T09:11:04.6284066Z 	
00000003	14:07:22.282	[4088]   Field: Status | Value: Succeeded 	
00000004	14:07:22.282	[4088]   Field: Name | Value: FirstTarget 	
00000005	14:07:22.282	[4088]   Field: FinishTime | Value: 2009-01-08T09:11:04.6284066Z 	
00000006	14:07:22.282	[4088]   Field: Message | Value: Initializing build 	
00000007	14:08:30.485	[4088] ======================================================================================================================== 	
00000008	14:08:30.485	[4088] Type: BuildStep 	
00000009	14:08:30.485	[4088]   Field: StartTime | Value: 2009-01-08T09:11:06.4252126Z 	
00000010	14:08:30.485	[4088]   Field: Status | Value: Succeeded 	
00000011	14:08:30.485	[4088]   Field: Name | Value: CoreGet 	
00000012	14:08:30.485	[4088]   Field: FinishTime | Value: 2009-01-08T09:11:09.6907122Z 	
00000013	14:08:30.485	[4088]   Field: Message | Value: Getting sources 	
00000014	14:08:30.485	[4088] ======================================================================================================================== 	
00000015	14:08:30.485	[4088] Type: BuildStep 	
00000016	14:08:30.485	[4088]   Field: StartTime | Value: 2009-01-08T09:11:10.3938102Z 	
00000017	14:08:30.485	[4088]   Field: Status | Value: Succeeded 	
00000018	14:08:30.485	[4088]   Field: Name | Value: CoreLabel 	
00000019	14:08:30.485	[4088]   Field: FinishTime | Value: 2009-01-08T09:11:10.5656786Z 	
00000020	14:08:30.485	[4088]   Field: Message | Value: Labeling sources 	
00000021	14:08:30.485	[4088] ======================================================================================================================== 	
00000022	14:08:30.485	[4088] Type: ConfigurationSummary 	
00000023	14:08:30.485	[4088]   Field: TotalStaticAnalysisErrors | Value: 0 	
00000024	14:08:30.485	[4088]   Field: TotalStaticAnalysisWarnings | Value: 0 	
00000025	14:08:30.485	[4088]   Field: LogFile | Value: \\build01\Internal\CASINO\Casino-Build-Dev_20090108.101104_1.4.0.0\TeamDebug.txt 	
00000026	14:08:30.485	[4088]   Field: TotalCompilationWarnings | Value: 6 	
00000027	14:08:30.485	[4088]   Field: Flavor | Value: TeamDebug 	
00000028	14:08:30.500	[4088]   Field: Platform | Value: Any CPU 	
00000029	14:08:30.500	[4088]   Field: TotalCompilationErrors | Value: 1 	
00000030	14:08:30.500	[4088] ======================================================================================================================== 	
00000031	14:08:30.500	[4088] Type: BuildStep 	
00000032	14:08:30.500	[4088]   Field: StartTime | Value: 2009-01-08T09:11:10.6281762Z 	
00000033	14:08:30.500	[4088]   Field: Message | Value: Compiling sources for Any CPU/TeamDebug. 	
00000034	14:08:30.500	[4088]   Field: FinishTime | Value: 2009-01-08T09:11:15.8935990Z 	
00000035	14:08:30.500	[4088]   Field: Name | Value: TFSBuild.proj 	
00000036	14:08:30.500	[4088]   Field: Status | Value: Failed 	
00000037	14:08:30.500	[4088] ======================================================================================================================== 	
00000038	14:08:30.500	[4088] Type: BuildStep 	
00000039	14:08:30.500	[4088]   Field: Message | Value: Generating list of changesets 	
00000040	14:08:30.500	[4088]   Field: Name | Value: GetChangeSetsOnBuildBreak 	
00000041	14:08:30.500	[4088]   Field: StartTime | Value: 2009-01-08T09:11:15.9717210Z 	
00000042	14:08:30.500	[4088]   Field: FinishTime | Value: 2009-01-08T09:11:17.1279266Z 	
00000043	14:08:30.500	[4088]   Field: Status | Value: Succeeded 	
00000044	14:08:30.500	[4088] ======================================================================================================================== 	
00000045	14:08:30.500	[4088] Type: AssociatedChangeset 	
00000046	14:08:30.500	[4088]   Field: Comment | Value: Updated version 1.4.0.0 , updated libraries FAST 1.4.3.0, FGMS 1.5.1.0, FAP 1.2.4.0 	
00000047	14:08:30.500	[4088]   Field: ChangesetId | Value: 7836 	
00000048	14:08:30.500	[4088]   Field: ChangesetUri | Value: vstfs:///VersionControl/Changeset/7836 	
00000049	14:08:30.500	[4088]   Field: CheckedInBy | Value: MERACREST\MBenkovsky 	
00000050	14:08:30.500	[4088] ======================================================================================================================== 	
00000051	14:08:30.500	[4088] Type: AssociatedChangeset 	
00000052	14:08:30.500	[4088]   Field: Comment | Value: Implemented initializing of game state for maximal bet. 	
00000053	14:08:30.500	[4088]   Field: ChangesetUri | Value: vstfs:///VersionControl/Changeset/7807 	
00000054	14:08:30.500	[4088]   Field: ChangesetId | Value: 7807 	
00000055	14:08:30.500	[4088]   Field: CheckedInBy | Value: MERACREST\MBenkovsky 	
00000056	14:08:30.500	[4088] ======================================================================================================================== 	
00000057	14:08:30.516	[4088] Type: AssociatedChangeset 	
00000058	14:08:30.516	[4088]   Field: CheckedInBy | Value: MERACREST\MBenkovsky 	
00000059	14:08:30.516	[4088]   Field: ChangesetUri | Value: vstfs:///VersionControl/Changeset/7814 	
00000060	14:08:30.516	[4088]   Field: ChangesetId | Value: 7814 	
00000061	14:08:30.516	[4088]   Field: Comment | Value: Fixed bug by clearing game state. 	
00000062	14:08:30.516	[4088] ======================================================================================================================== 	
00000063	14:08:30.516	[4088] Type: AssociatedChangeset 	
00000064	14:08:30.516	[4088]   Field: ChangesetId | Value: 7742 	
00000065	14:08:30.516	[4088]   Field: ChangesetUri | Value: vstfs:///VersionControl/Changeset/7742 	
00000066	14:08:30.516	[4088]   Field: CheckedInBy | Value: MERACREST\MBenkovsky 	
00000067	14:08:30.516	[4088]   Field: Comment | Value: Fixed bug in Texas Holdem BonusPoker. Removed return link in reports 'Sessions' and 'AccountTransactions'. 	
00000068	14:08:30.516	[4088] ======================================================================================================================== 	
00000069	14:08:30.516	[4088] Type: BuildStep 	
00000070	14:08:30.516	[4088]   Field: Name | Value: CoreDropBuild 	
00000071	14:08:30.516	[4088]   Field: StartTime | Value: 2009-01-08T09:11:17.1435510Z 	
00000072	14:08:30.516	[4088]   Field: Status | Value: Succeeded 	
00000073	14:08:30.516	[4088]   Field: FinishTime | Value: 2009-01-08T09:11:17.2997950Z 	
00000074	14:08:30.516	[4088]   Field: Message | Value: Copying binaries to drop location 	
00000075	14:08:30.516	[4088] ======================================================================================================================== 	
00000076	14:08:30.516	[4088] Type: BuildStep 	
00000077	14:08:30.516	[4088]   Field: StartTime | Value: 2009-01-08T09:11:17.4560390Z 	
00000078	14:08:30.516	[4088]   Field: Status | Value: Succeeded 	
00000079	14:08:30.516	[4088]   Field: Name | Value: Making release was successfully, drop path in: D:\MainReleases\TeamBuild\CASINO\1.4.0.0\20090108_101117 	
00000080	14:08:30.516	[4088]   Field: FinishTime | Value: 2009-01-08T09:11:17.4560390Z 	
00000081	14:08:30.516	[4088]   Field: Message | Value: Making release was successfully, drop path in: D:\MainReleases\TeamBuild\CASINO\1.4.0.0\20090108_101117 	
00000082	14:08:30.516	[4088] ======================================================================================================================== 	
00000083	14:08:30.516	[4088] Type: BuildStep 	
00000084	14:08:30.516	[4088]   Field: FinishTime | Value: 2009-01-08T09:11:17.7685270Z 	
00000085	14:08:30.532	[4088]   Field: Name | Value: CreateWorkItem 	
00000086	14:08:30.532	[4088]   Field: Status | Value: Succeeded 	
00000087	14:08:30.532	[4088]   Field: StartTime | Value: 2009-01-08T09:11:17.5029122Z 	
00000088	14:08:30.532	[4088]   Field: Message | Value: Creating work item 	
00000089	14:08:30.532	[4088] ======================================================================================================================== 	
00000090	14:08:30.532	[4088] Type: OpenedWorkItem 	
00000091	14:08:30.532	[4088]   Field: Status | Value: Proposed 	
00000092	14:08:30.532	[4088]   Field: Title | Value: Build failure in build: Casino-Build-Dev_20090108.101104_1.4.0.0 	
00000093	14:08:30.532	[4088]   Field: WorkItemUri | Value: vstfs:///WorkItemTracking/WorkItem/3791 	
00000094	14:08:30.532	[4088]   Field: AssignedTo | Value: Peter Šulek 	
00000095	14:08:30.532	[4088]   Field: WorkItemId | Value: 3791 	
00000096	14:08:30.532	[4088] ======================================================================================================================== 	
00000097	14:08:30.532	[4088] Type: BuildStep 	
00000098	14:08:30.532	[4088]   Field: FinishTime | Value: 2009-01-08T09:11:18.0653906Z 	
00000099	14:08:30.532	[4088]   Field: StartTime | Value: 2009-01-08T09:11:18.0653906Z 	
00000100	14:08:30.532	[4088]   Field: Message | Value: Failed 	
00000101	14:08:30.532	[4088]   Field: Name | Value: BuildCompleted 	
00000102	14:08:30.532	[4088]   Field: Status | Value: Failed 	
00000103	14:08:30.532	[4088] ======================================================================================================================== 	
00000104	14:12:15.561	[3888] dev ch 7	
00000105	14:12:15.577	[3888] dev ch 7	
00000106	14:12:15.577	[3888] dev ch 7	
00000107	14:13:13.780	[3888] dev ch 7	
00000108	14:13:13.795	[3888] dev ch 7	
00000109	14:13:13.811	[3888] dev ch 7	
00000110	14:14:12.029	[3888] dev ch 7	
00000111	14:14:12.045	[3888] dev ch 7	
00000112	14:14:12.045	[3888] dev ch 7	
